2020.12.09 08:37:49 INFO  Started: Metals version 0.9.7 in workspace 'C:\Users\nicolas.corchuelo\OneDrive\Professional Path\Data Engineering\git\programming\scala\1' for client vscode.
2020.12.09 08:37:50 INFO  time: initialize in 1.07s
2020.12.09 08:37:51 WARN  Build server is not auto-connectable.
2020.12.09 08:37:51 WARN  no build target for: C:\Users\nicolas.corchuelo\OneDrive\Professional Path\Data Engineering\git\programming\scala\1\__init__.scala
2020.12.09 08:37:51 WARN  no build target for: C:\Users\nicolas.corchuelo\OneDrive\Professional Path\Data Engineering\git\programming\scala\1\build.sbt
2020.12.09 08:37:56 INFO  no build target: using presentation compiler with only scala-library
2020.12.09 08:37:58 INFO  running 'C:\Program Files\Java\jdk1.8.0_271\bin\java -Djline.terminal=jline.UnsupportedTerminal -Dsbt.log.noformat=true -Dfile.encoding=UTF-8 -jar C:\Users\NICOLA~1.COR\AppData\Local\Temp\metals2186187560615428058\sbt-launch.jar -Dbloop.export-jar-classifiers=sources bloopInstall'
2020.12.09 08:37:59 ERROR [info] [launcher] getting org.fusesource.jansi jansi 1.11  (this may take some time)...
2020.12.09 08:38:09 ERROR downloading https://repo1.maven.org/maven2/org/fusesource/jansi/jansi/1.11/jansi-1.11.jar ...
2020.12.09 08:38:09 ERROR :: loading settings :: url = jar:file:/C:/Users/nicolas.corchuelo/AppData/Local/Temp/metals2186187560615428058/sbt-launch.jar!/org/apache/ivy/core/settings/ivysettings.xml
2020.12.09 08:38:09 ERROR 	[SUCCESSFUL ] org.fusesource.jansi#jansi;1.11!jansi.jar (470ms)
2020.12.09 08:38:09 ERROR :: retrieving :: org.scala-sbt#boot-jansi
2020.12.09 08:38:09 ERROR 	confs: [default]
2020.12.09 08:38:09 ERROR :: loading settings :: url = jar:file:/C:/Users/nicolas.corchuelo/AppData/Local/Temp/metals2186187560615428058/sbt-launch.jar!/org/apache/ivy/core/settings/ivysettings.xml
2020.12.09 08:38:09 ERROR 	1 artifacts copied, 0 already retrieved
2020.12.09 08:38:09 ERROR [info] [launcher] getting org.scala-sbt sbt 1.4.3  (this may take some time)...
2020.12.09 08:39:36 ERROR downloading https://repo1.maven.org/maven2/org/scala-sbt/sbt/1.4.3/sbt-1.4.3.jar ...
2020.12.09 08:39:36 ERROR downloading https://repo1.maven.org/maven2/org/scala-lang/scala-library/2.12.12/scala-library-2.12.12.jar ...
2020.12.09 08:39:36 ERROR downloading https://repo1.maven.org/maven2/org/scala-sbt/main_2.12/1.4.3/main_2.12-1.4.3.jar ...
2020.12.09 08:39:36 ERROR downloading https://repo1.maven.org/maven2/org/scala-sbt/run_2.12/1.4.3/run_2.12-1.4.3.jar ...
2020.12.09 08:39:36 ERROR downloading https://repo1.maven.org/maven2/org/scala-sbt/actions_2.12/1.4.3/actions_2.12-1.4.3.jar ...
2020.12.09 08:39:36 ERROR downloading https://repo1.maven.org/maven2/org/scala-sbt/main-settings_2.12/1.4.3/main-settings_2.12-1.4.3.jar ...
2020.12.09 08:39:36 ERROR downloading https://repo1.maven.org/maven2/org/scala-sbt/io_2.12/1.4.0/io_2.12-1.4.0.jar ...
2020.12.09 08:39:36 ERROR downloading https://repo1.maven.org/maven2/org/scala-sbt/logic_2.12/1.4.3/logic_2.12-1.4.3.jar ...
2020.12.09 08:39:36 ERROR :: loading settings :: url = jar:file:/C:/Users/nicolas.corchuelo/AppData/Local/Temp/metals2186187560615428058/sbt-launch.jar!/org/apache/ivy/core/settings/ivysettings.xml
2020.12.09 08:39:36 ERROR :: loading settings :: url = jar:file:/C:/Users/nicolas.corchuelo/AppData/Local/Temp/metals2186187560615428058/sbt-launch.jar!/org/apache/ivy/core/settings/ivysettings.xml
2020.12.09 08:39:36 ERROR :: loading settings :: url = jar:file:/C:/Users/nicolas.corchuelo/AppData/Local/Temp/metals2186187560615428058/sbt-launch.jar!/org/apache/ivy/core/settings/ivysettings.xml
2020.12.09 08:39:36 ERROR :: loading settings :: url = jar:file:/C:/Users/nicolas.corchuelo/AppData/Local/Temp/metals2186187560615428058/sbt-launch.jar!/org/apache/ivy/core/settings/ivysettings.xml
2020.12.09 08:39:36 ERROR :: loading settings :: url = jar:file:/C:/Users/nicolas.corchuelo/AppData/Local/Temp/metals2186187560615428058/sbt-launch.jar!/org/apache/ivy/core/settings/ivysettings.xml
2020.12.09 08:39:36 ERROR :: loading settings :: url = jar:file:/C:/Users/nicolas.corchuelo/AppData/Local/Temp/metals2186187560615428058/sbt-launch.jar!/org/apache/ivy/core/settings/ivysettings.xml
2020.12.09 08:39:37 ERROR 	[SUCCESSFUL ] org.scala-sbt#logic_2.12;1.4.3!logic_2.12.jar (1616ms)
2020.12.09 08:39:37 ERROR downloading https://repo1.maven.org/maven2/org/scala-sbt/command_2.12/1.4.3/command_2.12-1.4.3.jar ...
2020.12.09 08:39:37 ERROR 	[SUCCESSFUL ] org.scala-sbt#run_2.12;1.4.3!run_2.12.jar (1819ms)
2020.12.09 08:39:37 ERROR 	[SUCCESSFUL ] org.scala-sbt#sbt;1.4.3!sbt.jar (1820ms)
2020.12.09 08:39:37 ERROR downloading https://repo1.maven.org/maven2/org/scala-sbt/scripted-plugin_2.12/1.4.3/scripted-plugin_2.12-1.4.3.jar ...
2020.12.09 08:39:37 ERROR downloading https://repo1.maven.org/maven2/org/scala-sbt/collections_2.12/1.4.3/collections_2.12-1.4.3.jar ...
2020.12.09 08:39:37 ERROR 	[SUCCESSFUL ] org.scala-sbt#actions_2.12;1.4.3!actions_2.12.jar (2261ms)
2020.12.09 08:39:37 ERROR downloading https://repo1.maven.org/maven2/org/scala-sbt/zinc-lm-integration_2.12/1.4.3/zinc-lm-integration_2.12-1.4.3.jar ...
2020.12.09 08:39:39 ERROR 	[SUCCESSFUL ] org.scala-sbt#scripted-plugin_2.12;1.4.3!scripted-plugin_2.12.jar (1474ms)
2020.12.09 08:39:39 ERROR downloading https://repo1.maven.org/maven2/org/scala-sbt/util-logging_2.12/1.4.3/util-logging_2.12-1.4.3.jar ...
2020.12.09 08:39:39 ERROR 	[SUCCESSFUL ] org.scala-sbt#io_2.12;1.4.0!io_2.12.jar (3449ms)
2020.12.09 08:39:39 ERROR downloading https://repo1.maven.org/maven2/org/scala-lang/modules/scala-xml_2.12/1.3.0/scala-xml_2.12-1.3.0.jar ...
2020.12.09 08:39:39 ERROR 	[SUCCESSFUL ] org.scala-sbt#zinc-lm-integration_2.12;1.4.3!zinc-lm-integration_2.12.jar (1295ms)
2020.12.09 08:39:39 ERROR downloading https://repo1.maven.org/maven2/org/scala-sbt/launcher-interface/1.1.5/launcher-interface-1.1.5.jar ...
2020.12.09 08:39:39 ERROR 	[SUCCESSFUL ] org.scala-sbt#main-settings_2.12;1.4.3!main-settings_2.12.jar (3564ms)
2020.12.09 08:39:39 ERROR downloading https://repo1.maven.org/maven2/com/github/ben-manes/caffeine/caffeine/2.8.5/caffeine-2.8.5.jar ...
2020.12.09 08:39:39 ERROR 	[SUCCESSFUL ] org.scala-sbt#collections_2.12;1.4.3!collections_2.12.jar (1990ms)
2020.12.09 08:39:39 ERROR downloading https://repo1.maven.org/maven2/io/get-coursier/lm-coursier-shaded_2.12/2.0.3/lm-coursier-shaded_2.12-2.0.3.jar ...
2020.12.09 08:39:39 ERROR 	[SUCCESSFUL ] org.scala-sbt#command_2.12;1.4.3!command_2.12.jar (2223ms)
2020.12.09 08:39:39 ERROR downloading https://repo1.maven.org/maven2/org/apache/logging/log4j/log4j-api/2.11.2/log4j-api-2.11.2.jar ...
2020.12.09 08:39:42 ERROR 	[SUCCESSFUL ] org.scala-sbt#launcher-interface;1.1.5!launcher-interface.jar (2273ms)
2020.12.09 08:39:42 ERROR downloading https://repo1.maven.org/maven2/org/apache/logging/log4j/log4j-core/2.11.2/log4j-core-2.11.2.jar ...
2020.12.09 08:39:43 ERROR 	[SUCCESSFUL ] org.scala-sbt#util-logging_2.12;1.4.3!util-logging_2.12.jar (3570ms)
2020.12.09 08:39:43 ERROR downloading https://repo1.maven.org/maven2/org/apache/logging/log4j/log4j-slf4j-impl/2.11.2/log4j-slf4j-impl-2.11.2.jar ...
2020.12.09 08:39:43 ERROR 	[SUCCESSFUL ] org.apache.logging.log4j#log4j-api;2.11.2!log4j-api.jar (3359ms)
2020.12.09 08:39:43 ERROR downloading https://repo1.maven.org/maven2/org/scala-sbt/librarymanagement-core_2.12/1.4.0/librarymanagement-core_2.12-1.4.0.jar ...
2020.12.09 08:39:44 ERROR 	[SUCCESSFUL ] org.scala-lang.modules#scala-xml_2.12;1.3.0!scala-xml_2.12.jar(bundle) (4572ms)
2020.12.09 08:39:44 ERROR downloading https://repo1.maven.org/maven2/org/scala-sbt/librarymanagement-ivy_2.12/1.4.0/librarymanagement-ivy_2.12-1.4.0.jar ...
2020.12.09 08:39:45 ERROR 	[SUCCESSFUL ] org.apache.logging.log4j#log4j-slf4j-impl;2.11.2!log4j-slf4j-impl.jar (2556ms)
2020.12.09 08:39:45 ERROR downloading https://repo1.maven.org/maven2/org/scala-sbt/compiler-interface/1.4.3/compiler-interface-1.4.3.jar ...
2020.12.09 08:39:47 ERROR 	[SUCCESSFUL ] com.github.ben-manes.caffeine#caffeine;2.8.5!caffeine.jar (7468ms)
2020.12.09 08:39:47 ERROR downloading https://repo1.maven.org/maven2/org/scala-sbt/zinc-compile_2.12/1.4.3/zinc-compile_2.12-1.4.3.jar ...
2020.12.09 08:39:49 ERROR 	[SUCCESSFUL ] org.scala-sbt#compiler-interface;1.4.3!compiler-interface.jar (3739ms)
2020.12.09 08:39:49 ERROR downloading https://repo1.maven.org/maven2/org/scala-sbt/util-relation_2.12/1.4.3/util-relation_2.12-1.4.3.jar ...
2020.12.09 08:39:50 ERROR 	[SUCCESSFUL ] org.scala-sbt#zinc-compile_2.12;1.4.3!zinc-compile_2.12.jar (3701ms)
2020.12.09 08:39:50 ERROR downloading https://repo1.maven.org/maven2/org/scala-sbt/util-position_2.12/1.4.3/util-position_2.12-1.4.3.jar ...
2020.12.09 08:39:50 ERROR 	[SUCCESSFUL ] org.scala-sbt#librarymanagement-ivy_2.12;1.4.0!librarymanagement-ivy_2.12.jar (7650ms)
2020.12.09 08:39:50 ERROR downloading https://repo1.maven.org/maven2/com/eed3si9n/sjson-new-scalajson_2.12/0.9.1/sjson-new-scalajson_2.12-0.9.1.jar ...
2020.12.09 08:39:52 ERROR 	[SUCCESSFUL ] org.scala-sbt#librarymanagement-core_2.12;1.4.0!librarymanagement-core_2.12.jar (8987ms)
2020.12.09 08:39:52 ERROR downloading https://repo1.maven.org/maven2/org/scala-lang/scala-reflect/2.12.12/scala-reflect-2.12.12.jar ...
2020.12.09 08:39:52 ERROR 	[SUCCESSFUL ] org.scala-sbt#util-relation_2.12;1.4.3!util-relation_2.12.jar (3040ms)
2020.12.09 08:39:52 ERROR downloading https://repo1.maven.org/maven2/com/eed3si9n/sjson-new-core_2.12/0.9.1/sjson-new-core_2.12-0.9.1.jar ...
2020.12.09 08:39:53 ERROR 	[SUCCESSFUL ] org.scala-sbt#util-position_2.12;1.4.3!util-position_2.12.jar (2582ms)
2020.12.09 08:39:53 ERROR downloading https://repo1.maven.org/maven2/com/eed3si9n/shaded-jawn-parser_2.12/0.9.1/shaded-jawn-parser_2.12-0.9.1.jar ...
2020.12.09 08:39:53 ERROR 	[SUCCESSFUL ] com.eed3si9n#sjson-new-scalajson_2.12;0.9.1!sjson-new-scalajson_2.12.jar (2081ms)
2020.12.09 08:39:53 ERROR downloading https://repo1.maven.org/maven2/com/eed3si9n/shaded-scalajson_2.12/1.0.0-M4/shaded-scalajson_2.12-1.0.0-M4.jar ...
2020.12.09 08:39:54 ERROR 	[SUCCESSFUL ] org.apache.logging.log4j#log4j-core;2.11.2!log4j-core.jar (12580ms)
2020.12.09 08:39:54 ERROR downloading https://repo1.maven.org/maven2/org/scala-sbt/completion_2.12/1.4.3/completion_2.12-1.4.3.jar ...
2020.12.09 08:39:54 ERROR 	[SUCCESSFUL ] org.scala-sbt#main_2.12;1.4.3!main_2.12.jar (18432ms)
2020.12.09 08:39:54 ERROR downloading https://repo1.maven.org/maven2/org/scala-sbt/task-system_2.12/1.4.3/task-system_2.12-1.4.3.jar ...
2020.12.09 08:39:54 ERROR 	[SUCCESSFUL ] com.eed3si9n#shaded-jawn-parser_2.12;0.9.1!shaded-jawn-parser_2.12.jar (2044ms)
2020.12.09 08:39:54 ERROR downloading https://repo1.maven.org/maven2/org/scala-sbt/tasks_2.12/1.4.3/tasks_2.12-1.4.3.jar ...
2020.12.09 08:39:54 ERROR 	[SUCCESSFUL ] com.eed3si9n#shaded-scalajson_2.12;1.0.0-M4!shaded-scalajson_2.12.jar (1633ms)
2020.12.09 08:39:54 ERROR downloading https://repo1.maven.org/maven2/org/scala-sbt/testing_2.12/1.4.3/testing_2.12-1.4.3.jar ...
2020.12.09 08:39:55 ERROR 	[SUCCESSFUL ] io.get-coursier#lm-coursier-shaded_2.12;2.0.3!lm-coursier-shaded_2.12.jar (15909ms)
2020.12.09 08:39:55 ERROR downloading https://repo1.maven.org/maven2/org/scala-sbt/util-tracking_2.12/1.4.3/util-tracking_2.12-1.4.3.jar ...
2020.12.09 08:39:55 ERROR 	[SUCCESSFUL ] org.scala-sbt#task-system_2.12;1.4.3!task-system_2.12.jar (2130ms)
2020.12.09 08:39:55 ERROR downloading https://repo1.maven.org/maven2/org/scala-sbt/jline3/jline-terminal/3.16.0-sbt-211a082ed6326908dc84ca017ce4430728f18a8a/jline-terminal-3.16.0-sbt-211a082ed6326908dc84ca017ce4430728f18a8a.jar ...
2020.12.09 08:39:55 ERROR 	[SUCCESSFUL ] org.scala-sbt#completion_2.12;1.4.3!completion_2.12.jar (2159ms)
2020.12.09 08:39:55 ERROR downloading https://repo1.maven.org/maven2/org/scala-sbt/zinc-classpath_2.12/1.4.3/zinc-classpath_2.12-1.4.3.jar ...
2020.12.09 08:39:56 ERROR 	[SUCCESSFUL ] org.scala-sbt#tasks_2.12;1.4.3!tasks_2.12.jar (1449ms)
2020.12.09 08:39:56 ERROR 	[SUCCESSFUL ] com.eed3si9n#sjson-new-core_2.12;0.9.1!sjson-new-core_2.12.jar (4614ms)
2020.12.09 08:39:56 ERROR downloading https://repo1.maven.org/maven2/org/scala-sbt/zinc-apiinfo_2.12/1.4.3/zinc-apiinfo_2.12-1.4.3.jar ...
2020.12.09 08:39:56 ERROR downloading https://repo1.maven.org/maven2/org/scala-sbt/zinc_2.12/1.4.3/zinc_2.12-1.4.3.jar ...
2020.12.09 08:39:56 ERROR 	[SUCCESSFUL ] org.scala-sbt#util-tracking_2.12;1.4.3!util-tracking_2.12.jar (1378ms)
2020.12.09 08:39:56 ERROR downloading https://repo1.maven.org/maven2/org/scala-sbt/util-control_2.12/1.4.3/util-control_2.12-1.4.3.jar ...
2020.12.09 08:39:56 ERROR 	[SUCCESSFUL ] org.scala-sbt#testing_2.12;1.4.3!testing_2.12.jar (1727ms)
2020.12.09 08:39:56 ERROR downloading https://repo1.maven.org/maven2/org/scala-sbt/jline/jline/2.14.7-sbt-5e51b9d4f9631ebfa29753ce4accc57808e7fd6b/jline-2.14.7-sbt-5e51b9d4f9631ebfa29753ce4accc57808e7fd6b.jar ...
2020.12.09 08:39:58 ERROR 	[SUCCESSFUL ] org.scala-sbt#zinc-apiinfo_2.12;1.4.3!zinc-apiinfo_2.12.jar (1074ms)
2020.12.09 08:39:58 ERROR 	[SUCCESSFUL ] org.scala-sbt#zinc-classpath_2.12;1.4.3!zinc-classpath_2.12.jar (1321ms)
2020.12.09 08:39:58 ERROR downloading https://repo1.maven.org/maven2/org/jline/jline-reader/3.16.0/jline-reader-3.16.0.jar ...
2020.12.09 08:39:58 ERROR downloading https://repo1.maven.org/maven2/org/jline/jline-builtins/3.16.0/jline-builtins-3.16.0.jar ...
2020.12.09 08:39:58 ERROR 	[SUCCESSFUL ] org.scala-sbt#util-control_2.12;1.4.3!util-control_2.12.jar (951ms)
2020.12.09 08:39:58 ERROR downloading https://repo1.maven.org/maven2/org/scala-sbt/util-interface/1.4.3/util-interface-1.4.3.jar ...
2020.12.09 08:39:58 ERROR 	[SUCCESSFUL ] org.scala-sbt#zinc_2.12;1.4.3!zinc_2.12.jar (1233ms)
2020.12.09 08:39:58 ERROR 	[SUCCESSFUL ] org.scala-sbt.jline3#jline-terminal;3.16.0-sbt-211a082ed6326908dc84ca017ce4430728f18a8a!jline-terminal.jar (1498ms)
2020.12.09 08:39:58 ERROR downloading https://repo1.maven.org/maven2/org/scala-sbt/core-macros_2.12/1.4.3/core-macros_2.12-1.4.3.jar ...
2020.12.09 08:39:58 ERROR downloading https://repo1.maven.org/maven2/org/jline/jline-terminal-jna/3.16.0/jline-terminal-jna-3.16.0.jar ...
2020.12.09 08:39:58 ERROR 	[SUCCESSFUL ] org.scala-sbt.jline#jline;2.14.7-sbt-5e51b9d4f9631ebfa29753ce4accc57808e7fd6b!jline.jar (1160ms)
2020.12.09 08:39:58 ERROR downloading https://repo1.maven.org/maven2/org/jline/jline-terminal-jansi/3.16.0/jline-terminal-jansi-3.16.0.jar ...
2020.12.09 08:39:59 ERROR 	[SUCCESSFUL ] org.scala-sbt#util-interface;1.4.3!util-interface.jar (849ms)
2020.12.09 08:39:59 ERROR 	[SUCCESSFUL ] org.jline#jline-builtins;3.16.0!jline-builtins.jar (1007ms)
2020.12.09 08:39:59 ERROR downloading https://repo1.maven.org/maven2/org/scala-lang/scala-compiler/2.12.12/scala-compiler-2.12.12.jar ...
2020.12.09 08:39:59 ERROR downloading https://repo1.maven.org/maven2/com/lmax/disruptor/3.4.2/disruptor-3.4.2.jar ...
2020.12.09 08:39:59 ERROR 	[SUCCESSFUL ] org.jline#jline-terminal-jna;3.16.0!jline-terminal-jna.jar (1101ms)
2020.12.09 08:39:59 ERROR 	[SUCCESSFUL ] org.scala-sbt#core-macros_2.12;1.4.3!core-macros_2.12.jar (1103ms)
2020.12.09 08:39:59 ERROR downloading https://repo1.maven.org/maven2/org/jline/jline-terminal/3.16.0/jline-terminal-3.16.0.jar ...
2020.12.09 08:39:59 ERROR downloading https://repo1.maven.org/maven2/org/fusesource/jansi/jansi/1.18/jansi-1.18.jar ...
2020.12.09 08:39:59 ERROR 	[SUCCESSFUL ] org.jline#jline-reader;3.16.0!jline-reader.jar (1273ms)
2020.12.09 08:39:59 ERROR downloading https://repo1.maven.org/maven2/com/swoval/file-tree-views/2.1.4/file-tree-views-2.1.4.jar ...
2020.12.09 08:39:59 ERROR 	[SUCCESSFUL ] org.jline#jline-terminal-jansi;3.16.0!jline-terminal-jansi.jar (1190ms)
2020.12.09 08:39:59 ERROR downloading https://repo1.maven.org/maven2/net/java/dev/jna/jna/5.5.0/jna-5.5.0.jar ...
2020.12.09 08:40:04 ERROR 	[SUCCESSFUL ] org.scala-lang#scala-library;2.12.12!scala-library.jar (28434ms)
2020.12.09 08:40:04 ERROR downloading https://repo1.maven.org/maven2/net/java/dev/jna/jna-platform/5.5.0/jna-platform-5.5.0.jar ...
2020.12.09 08:40:04 ERROR 	[SUCCESSFUL ] com.lmax#disruptor;3.4.2!disruptor.jar (6155ms)
2020.12.09 08:40:04 ERROR downloading https://repo1.maven.org/maven2/org/jline/jline-style/3.16.0/jline-style-3.16.0.jar ...
2020.12.09 08:40:08 ERROR 	[SUCCESSFUL ] org.jline#jline-terminal;3.16.0!jline-terminal.jar (9252ms)
2020.12.09 08:40:08 ERROR 	[SUCCESSFUL ] com.swoval#file-tree-views;2.1.4!file-tree-views.jar (9245ms)
2020.12.09 08:40:08 ERROR downloading https://repo1.maven.org/maven2/org/scala-sbt/util-cache_2.12/1.4.3/util-cache_2.12-1.4.3.jar ...
2020.12.09 08:40:08 ERROR downloading https://repo1.maven.org/maven2/com/eed3si9n/sjson-new-murmurhash_2.12/0.9.1/sjson-new-murmurhash_2.12-0.9.1.jar ...
2020.12.09 08:40:09 ERROR 	[SUCCESSFUL ] org.fusesource.jansi#jansi;1.18!jansi.jar (10329ms)
2020.12.09 08:40:09 ERROR downloading https://repo1.maven.org/maven2/org/scala-sbt/test-agent/1.4.3/test-agent-1.4.3.jar ...
2020.12.09 08:40:12 ERROR 	[SUCCESSFUL ] org.scala-lang#scala-reflect;2.12.12!scala-reflect.jar (20516ms)
2020.12.09 08:40:12 ERROR downloading https://repo1.maven.org/maven2/org/scala-sbt/test-interface/1.0/test-interface-1.0.jar ...
2020.12.09 08:40:12 ERROR 	[SUCCESSFUL ] org.jline#jline-style;3.16.0!jline-style.jar (7823ms)
2020.12.09 08:40:12 ERROR downloading https://repo1.maven.org/maven2/org/scala-sbt/compiler-bridge_2.12/1.4.3/compiler-bridge_2.12-1.4.3.jar ...
2020.12.09 08:40:12 ERROR 	[SUCCESSFUL ] com.eed3si9n#sjson-new-murmurhash_2.12;0.9.1!sjson-new-murmurhash_2.12.jar (4913ms)
2020.12.09 08:40:12 ERROR downloading https://repo1.maven.org/maven2/org/scala-sbt/zinc-classfile_2.12/1.4.3/zinc-classfile_2.12-1.4.3.jar ...
2020.12.09 08:40:12 ERROR 	[SUCCESSFUL ] org.scala-sbt#test-agent;1.4.3!test-agent.jar (3985ms)
2020.12.09 08:40:12 ERROR downloading https://repo1.maven.org/maven2/com/jcraft/jsch/0.1.54/jsch-0.1.54.jar ...
2020.12.09 08:40:12 ERROR 	[SUCCESSFUL ] org.scala-sbt#util-cache_2.12;1.4.3!util-cache_2.12.jar (5168ms)
2020.12.09 08:40:12 ERROR downloading https://repo1.maven.org/maven2/com/eed3si9n/gigahorse-okhttp_2.12/0.5.0/gigahorse-okhttp_2.12-0.5.0.jar ...
2020.12.09 08:40:12 ERROR 	[SUCCESSFUL ] org.scala-lang#scala-compiler;2.12.12!scala-compiler.jar (14712ms)
2020.12.09 08:40:12 ERROR downloading https://repo1.maven.org/maven2/com/squareup/okhttp3/okhttp-urlconnection/3.7.0/okhttp-urlconnection-3.7.0.jar ...
2020.12.09 08:40:14 ERROR 	[SUCCESSFUL ] org.scala-sbt#test-interface;1.0!test-interface.jar (1126ms)
2020.12.09 08:40:14 ERROR downloading https://repo1.maven.org/maven2/com/eed3si9n/gigahorse-core_2.12/0.5.0/gigahorse-core_2.12-0.5.0.jar ...
2020.12.09 08:40:14 ERROR 	[SUCCESSFUL ] net.java.dev.jna#jna;5.5.0!jna.jar (15314ms)
2020.12.09 08:40:14 ERROR downloading https://repo1.maven.org/maven2/com/squareup/okhttp3/okhttp/3.14.2/okhttp-3.14.2.jar ...
2020.12.09 08:40:15 ERROR 	[SUCCESSFUL ] org.scala-sbt#compiler-bridge_2.12;1.4.3!compiler-bridge_2.12.jar (2019ms)
2020.12.09 08:40:15 ERROR downloading https://repo1.maven.org/maven2/com/typesafe/ssl-config-core_2.12/0.4.0/ssl-config-core_2.12-0.4.0.jar ...
2020.12.09 08:40:15 ERROR 	[SUCCESSFUL ] com.squareup.okhttp3#okhttp-urlconnection;3.7.0!okhttp-urlconnection.jar (1478ms)
2020.12.09 08:40:15 ERROR downloading https://repo1.maven.org/maven2/org/reactivestreams/reactive-streams/1.0.2/reactive-streams-1.0.2.jar ...
2020.12.09 08:40:15 ERROR 	[SUCCESSFUL ] com.eed3si9n#gigahorse-okhttp_2.12;0.5.0!gigahorse-okhttp_2.12.jar (2313ms)
2020.12.09 08:40:15 ERROR downloading https://repo1.maven.org/maven2/org/slf4j/slf4j-api/1.7.26/slf4j-api-1.7.26.jar ...
2020.12.09 08:40:16 ERROR 	[SUCCESSFUL ] org.scala-sbt#zinc-classfile_2.12;1.4.3!zinc-classfile_2.12.jar (2577ms)
2020.12.09 08:40:16 ERROR downloading https://repo1.maven.org/maven2/org/scala-lang/modules/scala-parser-combinators_2.12/1.1.2/scala-parser-combinators_2.12-1.1.2.jar ...
2020.12.09 08:40:16 ERROR 	[SUCCESSFUL ] com.eed3si9n#gigahorse-core_2.12;0.5.0!gigahorse-core_2.12.jar (2190ms)
2020.12.09 08:40:16 ERROR downloading https://repo1.maven.org/maven2/com/typesafe/config/1.3.3/config-1.3.3.jar ...
2020.12.09 08:40:16 ERROR 	[SUCCESSFUL ] com.jcraft#jsch;0.1.54!jsch.jar (2559ms)
2020.12.09 08:40:16 ERROR downloading https://repo1.maven.org/maven2/com/squareup/okio/okio/1.17.2/okio-1.17.2.jar ...
2020.12.09 08:40:16 ERROR 	[SUCCESSFUL ] com.typesafe#ssl-config-core_2.12;0.4.0!ssl-config-core_2.12.jar(bundle) (1440ms)
2020.12.09 08:40:16 ERROR 	[SUCCESSFUL ] org.reactivestreams#reactive-streams;1.0.2!reactive-streams.jar (1248ms)
2020.12.09 08:40:16 ERROR downloading https://repo1.maven.org/maven2/org/scala-sbt/zinc-persist_2.12/1.4.3/zinc-persist_2.12-1.4.3.jar ...
2020.12.09 08:40:16 ERROR downloading https://repo1.maven.org/maven2/org/scala-sbt/zinc-core_2.12/1.4.3/zinc-core_2.12-1.4.3.jar ...
2020.12.09 08:40:16 ERROR 	[SUCCESSFUL ] com.squareup.okhttp3#okhttp;3.14.2!okhttp.jar (1570ms)
2020.12.09 08:40:16 ERROR downloading https://repo1.maven.org/maven2/org/scala-sbt/zinc-compile-core_2.12/1.4.3/zinc-compile-core_2.12-1.4.3.jar ...
2020.12.09 08:40:17 ERROR 	[SUCCESSFUL ] org.slf4j#slf4j-api;1.7.26!slf4j-api.jar (1309ms)
2020.12.09 08:40:17 ERROR downloading https://repo1.maven.org/maven2/org/scala-sbt/zinc-persist-core-assembly/1.4.3/zinc-persist-core-assembly-1.4.3.jar ...
2020.12.09 08:40:17 ERROR 	[SUCCESSFUL ] org.scala-lang.modules#scala-parser-combinators_2.12;1.1.2!scala-parser-combinators_2.12.jar(bundle) (1528ms)
2020.12.09 08:40:17 ERROR downloading https://repo1.maven.org/maven2/net/openhft/zero-allocation-hashing/0.10.1/zero-allocation-hashing-0.10.1.jar ...
2020.12.09 08:40:17 ERROR 	[SUCCESSFUL ] com.squareup.okio#okio;1.17.2!okio.jar (1404ms)
2020.12.09 08:40:17 ERROR downloading https://repo1.maven.org/maven2/org/scala-sbt/sbinary_2.12/0.5.1/sbinary_2.12-0.5.1.jar ...
2020.12.09 08:40:17 ERROR 	[SUCCESSFUL ] org.scala-sbt#zinc-persist_2.12;1.4.3!zinc-persist_2.12.jar (1110ms)
2020.12.09 08:40:17 ERROR downloading https://repo1.maven.org/maven2/org/scala-sbt/protocol_2.12/1.4.3/protocol_2.12-1.4.3.jar ...
2020.12.09 08:40:17 ERROR 	[SUCCESSFUL ] org.scala-sbt#zinc-core_2.12;1.4.3!zinc-core_2.12.jar (1113ms)
2020.12.09 08:40:17 ERROR downloading https://repo1.maven.org/maven2/org/scala-sbt/template-resolver/0.1/template-resolver-0.1.jar ...
2020.12.09 08:40:17 ERROR 	[SUCCESSFUL ] net.java.dev.jna#jna-platform;5.5.0!jna-platform.jar (13047ms)
2020.12.09 08:40:17 ERROR downloading https://repo1.maven.org/maven2/org/scala-sbt/ipcsocket/ipcsocket/1.1.0/ipcsocket-1.1.0.jar ...
2020.12.09 08:40:17 ERROR 	[SUCCESSFUL ] com.typesafe#config;1.3.3!config.jar(bundle) (1864ms)
2020.12.09 08:40:17 ERROR downloading https://repo1.maven.org/maven2/org/checkerframework/checker-qual/3.4.1/checker-qual-3.4.1.jar ...
2020.12.09 08:40:18 ERROR 	[SUCCESSFUL ] org.scala-sbt#zinc-compile-core_2.12;1.4.3!zinc-compile-core_2.12.jar (2114ms)
2020.12.09 08:40:18 ERROR downloading https://repo1.maven.org/maven2/com/google/errorprone/error_prone_annotations/2.4.0/error_prone_annotations-2.4.0.jar ...
2020.12.09 08:40:18 ERROR 	[SUCCESSFUL ] net.openhft#zero-allocation-hashing;0.10.1!zero-allocation-hashing.jar(bundle) (1192ms)
2020.12.09 08:40:18 ERROR 	[SUCCESSFUL ] org.scala-sbt#template-resolver;0.1!template-resolver.jar (1168ms)
2020.12.09 08:40:18 ERROR downloading https://repo1.maven.org/maven2/org/scala-lang/modules/scala-collection-compat_2.12/2.2.0/scala-collection-compat_2.12-2.2.0.jar ...
2020.12.09 08:40:18 ERROR downloading https://repo1.maven.org/maven2/org/scala-sbt/ivy/ivy/2.3.0-sbt-839fad1cdc07cf6fc81364d74c323867230432ad/ivy-2.3.0-sbt-839fad1cdc07cf6fc81364d74c323867230432ad.jar ...
2020.12.09 08:40:18 ERROR 	[SUCCESSFUL ] org.scala-sbt#sbinary_2.12;0.5.1!sbinary_2.12.jar (1254ms)
2020.12.09 08:40:18 ERROR 	[SUCCESSFUL ] org.scala-sbt.ipcsocket#ipcsocket;1.1.0!ipcsocket.jar (1239ms)
2020.12.09 08:40:18 ERROR 	[SUCCESSFUL ] org.scala-sbt#protocol_2.12;1.4.3!protocol_2.12.jar (1263ms)
2020.12.09 08:40:18 ERROR 	[SUCCESSFUL ] org.checkerframework#checker-qual;3.4.1!checker-qual.jar (961ms)
2020.12.09 08:40:18 ERROR 	[SUCCESSFUL ] com.google.errorprone#error_prone_annotations;2.4.0!error_prone_annotations.jar (815ms)
2020.12.09 08:40:19 ERROR 	[SUCCESSFUL ] org.scala-lang.modules#scala-collection-compat_2.12;2.2.0!scala-collection-compat_2.12.jar (1182ms)
2020.12.09 08:40:19 ERROR 	[SUCCESSFUL ] org.scala-sbt.ivy#ivy;2.3.0-sbt-839fad1cdc07cf6fc81364d74c323867230432ad!ivy.jar (1911ms)
2020.12.09 08:40:23 ERROR 	[SUCCESSFUL ] org.scala-sbt#zinc-persist-core-assembly;1.4.3!zinc-persist-core-assembly.jar (5739ms)
2020.12.09 08:40:23 ERROR :: retrieving :: org.scala-sbt#boot-app
2020.12.09 08:40:23 ERROR 	confs: [default]
2020.12.09 08:40:23 ERROR 	84 artifacts copied, 0 already retrieved
2020.12.09 08:40:23 ERROR [info] [launcher] getting Scala 2.12.12 (for sbt)...
2020.12.09 08:40:24 ERROR downloading https://repo1.maven.org/maven2/org/scala-lang/modules/scala-xml_2.12/1.0.6/scala-xml_2.12-1.0.6.jar ...
2020.12.09 08:40:24 ERROR downloading https://repo1.maven.org/maven2/jline/jline/2.14.6/jline-2.14.6.jar ...
2020.12.09 08:40:24 ERROR downloading https://repo1.maven.org/maven2/org/fusesource/jansi/jansi/1.12/jansi-1.12.jar ...
2020.12.09 08:40:24 ERROR 	[SUCCESSFUL ] org.scala-lang.modules#scala-xml_2.12;1.0.6!scala-xml_2.12.jar(bundle) (691ms)
2020.12.09 08:40:26 ERROR 	[SUCCESSFUL ] org.fusesource.jansi#jansi;1.12!jansi.jar (1124ms)
2020.12.09 08:40:26 ERROR 	[SUCCESSFUL ] jline#jline;2.14.6!jline.jar (1757ms)
2020.12.09 08:40:26 ERROR :: retrieving :: org.scala-sbt#boot-scala
2020.12.09 08:40:26 ERROR 	confs: [default]
2020.12.09 08:40:26 ERROR 	6 artifacts copied, 0 already retrieved
2020.12.09 08:40:30 INFO  [info] welcome to sbt 1.4.3 (Oracle Corporation Java 1.8.0_271)
2020.12.09 08:40:36 INFO  [info] loading settings for project root-1-build-build from metals.sbt ...
2020.12.09 08:40:39 INFO  [info] loading project definition from C:\Users\nicolas.corchuelo\OneDrive\Professional Path\Data Engineering\git\programming\scala\1\project\project
2020.12.09 08:40:59 INFO  [info] loading settings for project root-1-build from metals.sbt ...
2020.12.09 08:40:59 INFO  [info] loading project definition from C:\Users\nicolas.corchuelo\OneDrive\Professional Path\Data Engineering\git\programming\scala\1\project
2020.12.09 08:41:01 INFO  [success] Generated .bloop\root-1-build.json
2020.12.09 08:41:01 INFO  [success] Total time: 2 s, completed Dec 9, 2020 8:41:02 AM
2020.12.09 08:41:07 INFO  [info] loading settings for project root-1 from build.sbt ...
2020.12.09 08:41:07 INFO  [info] set current project to hello-world (in build file:/C:/Users/nicolas.corchuelo/OneDrive/Professional%20Path/Data%20Engineering/git/programming/scala/1/)
2020.12.09 08:41:48 INFO  [success] Generated .bloop\root-1-test.json
2020.12.09 08:41:48 INFO  [success] Generated .bloop\root-1.json
2020.12.09 08:41:48 INFO  [success] Total time: 40 s, completed Dec 9, 2020 8:41:48 AM
2020.12.09 08:41:48 INFO  sbt bloopInstall exit: 0
2020.12.09 08:41:48 INFO  time: ran 'sbt bloopInstall' in 3m50s
2020.12.09 08:41:48 INFO  Attempting to connect to the build server...
Starting the bsp launcher for bloop...
Opening a bsp server connection with 'bsp --protocol tcp --port 18034'...
Waiting for the bsp connection to come up...
Waiting for the bsp connection to come up...
Waiting for the bsp connection to come up...
Waiting for the bsp connection to come up...
Waiting for the bsp connection to come up...
Waiting for the bsp connection to come up...
Waiting for the bsp connection to come up...
Waiting for the bsp connection to come up...
Waiting for the bsp connection to come up...
Waiting for the bsp connection to come up...
Waiting for the bsp connection to come up...
Waiting for the bsp connection to come up...
Waiting for the bsp connection to come up...
Waiting for the bsp connection to come up...
Waiting for the bsp connection to come up...
Waiting for the bsp connection to come up...
Waiting for the bsp connection to come up...
Waiting for the bsp connection to come up...
Waiting for the bsp connection to come up...
Waiting for the bsp connection to come up...
Waiting for the bsp connection to come up...
Waiting for the bsp connection to come up...
Waiting for the bsp connection to come up...
Waiting for the bsp connection to come up...
Waiting for the bsp connection to come up...
Waiting for the bsp connection to come up...
Waiting for the bsp connection to come up...
Waiting for the bsp connection to come up...
Waiting for the bsp connection to come up...
Waiting for the bsp connection to come up...
Waiting for the bsp connection to come up...
error: Giving up on waiting for a connection, printing embedded bloop logs:
> No server running at 127.0.0.1:8212, let's fire one...
> Resolving ch.epfl.scala:bloop-frontend_2.12:1.4.5-6-4768184c...
error: The launcher failed to establish a bsp connection, aborting...
2020.12.09 08:42:35 ERROR Failed to connect with build server, no functionality will work.
java.lang.RuntimeException: The server did not start, got FailedToOpenBspConnection
	at bloop.launcher.LauncherMain.failPromise$1(Launcher.scala:95)
	at bloop.launcher.LauncherMain.runLauncher(Launcher.scala:122)
	at scala.meta.internal.metals.BloopServers$$anon$1.run(BloopServers.scala:158)
	at java.util.concurrent.Executors$RunnableAdapter.call(Executors.java:511)
	at java.util.concurrent.FutureTask.run(FutureTask.java:266)
	at java.util.concurrent.ThreadPoolExecutor.runWorker(ThreadPoolExecutor.java:1149)
	at java.util.concurrent.ThreadPoolExecutor$Worker.run(ThreadPoolExecutor.java:624)
	at java.lang.Thread.run(Thread.java:748)

2020.12.09 08:43:13 WARN  no build target for: C:\Users\nicolas.corchuelo\OneDrive\Professional Path\Data Engineering\git\programming\scala\1\build.sbt
2020.12.09 08:43:13 WARN  no build target for: C:\Users\nicolas.corchuelo\OneDrive\Professional Path\Data Engineering\git\programming\scala\1\__init__.scala
2020.12.09 08:43:15 WARN  no build target for: C:\Users\nicolas.corchuelo\OneDrive\Professional Path\Data Engineering\git\programming\scala\1\build.sbt
2020.12.09 08:43:15 WARN  no build target for: C:\Users\nicolas.corchuelo\OneDrive\Professional Path\Data Engineering\git\programming\scala\1\__init__.scala
2020.12.09 08:43:15 WARN  no build target for: C:\Users\nicolas.corchuelo\OneDrive\Professional Path\Data Engineering\git\programming\scala\1\build.sbt
2020.12.09 08:43:15 WARN  no build target for: C:\Users\nicolas.corchuelo\OneDrive\Professional Path\Data Engineering\git\programming\scala\1\__init__.scala
2020.12.09 08:43:15 WARN  no build target for: C:\Users\nicolas.corchuelo\OneDrive\Professional Path\Data Engineering\git\programming\scala\1\build.sbt
2020.12.09 08:43:15 WARN  no build target for: C:\Users\nicolas.corchuelo\OneDrive\Professional Path\Data Engineering\git\programming\scala\1\__init__.scala
2020.12.09 08:44:39 WARN  no build target for: C:\Users\nicolas.corchuelo\OneDrive\Professional Path\Data Engineering\git\programming\scala\1\build.sbt
2020.12.09 08:44:39 WARN  no build target for: C:\Users\nicolas.corchuelo\OneDrive\Professional Path\Data Engineering\git\programming\scala\1\__init__.scala
2020.12.09 08:48:27 INFO  Attempting to connect to the build server...
Starting the bsp launcher for bloop...
Opening a bsp server connection with 'bsp --protocol tcp --port 32127'...
Waiting for the bsp connection to come up...
[0m[32m[D][0m Waiting for a connection at 127.0.0.1:32127...
The server is listening for incoming connections at tcp://127.0.0.1:32127...
Starting thread that pumps stdin and redirects it to the bsp server...
Starting thread that pumps server stdout and redirects it to the client stdout...
2020.12.09 08:48:28 INFO  tracing is disabled for protocol BSP, to enable tracing of incoming and outgoing JSON messages create an empty file at C:\Users\nicolas.corchuelo\AppData\Local\scalameta\metals\cache\bsp.trace.json
2020.12.09 08:48:29 WARN  no build target for: C:\Users\nicolas.corchuelo\OneDrive\Professional Path\Data Engineering\git\programming\scala\1\build.sbt
2020.12.09 08:48:29 WARN  no build target for: C:\Users\nicolas.corchuelo\OneDrive\Professional Path\Data Engineering\git\programming\scala\1\__init__.scala
2020.12.09 08:48:29 WARN  no build target for: C:\Users\nicolas.corchuelo\OneDrive\Professional Path\Data Engineering\git\programming\scala\1\build.sbt
2020.12.09 08:48:29 WARN  no build target for: C:\Users\nicolas.corchuelo\OneDrive\Professional Path\Data Engineering\git\programming\scala\1\__init__.scala
2020.12.09 08:48:29 WARN  no build target for: C:\Users\nicolas.corchuelo\OneDrive\Professional Path\Data Engineering\git\programming\scala\1\build.sbt
2020.12.09 08:48:29 WARN  no build target for: C:\Users\nicolas.corchuelo\OneDrive\Professional Path\Data Engineering\git\programming\scala\1\__init__.scala
2020.12.09 08:48:33 WARN  no build target for: C:\Users\nicolas.corchuelo\OneDrive\Professional Path\Data Engineering\git\programming\scala\1\__init__.scala
2020.12.09 08:48:34 INFO  skipping build import with status 'Installed'
2020.12.09 08:48:45 INFO  running 'C:\Program Files\Java\jdk1.8.0_271\bin\java -Djline.terminal=jline.UnsupportedTerminal -Dsbt.log.noformat=true -Dfile.encoding=UTF-8 -jar C:\Users\NICOLA~1.COR\AppData\Local\Temp\metals3029806376634660481\sbt-launch.jar -Dbloop.export-jar-classifiers=sources bloopInstall'
No more data in the client stdin, exiting...
No more data in the server stdin, exiting...
2020.12.09 08:48:48 ERROR Timeout waiting for 'build/initialize' response
2020.12.09 08:48:48 WARN  Retrying connection to the build server Bloop
Starting the bsp launcher for bloop...
Opening a bsp server connection with 'bsp --protocol tcp --port 32798'...
Waiting for the bsp connection to come up...
[0m[32m[D][0m Loading workspace settings from bloop.settings.json
[0m[32m[D][0m Waiting for a connection at 127.0.0.1:32798...
The server is listening for incoming connections at tcp://127.0.0.1:32798...
Starting thread that pumps stdin and redirects it to the bsp server...
Starting thread that pumps server stdout and redirects it to the client stdout...
2020.12.09 08:48:50 INFO  [info] welcome to sbt 1.4.3 (Oracle Corporation Java 1.8.0_271)
2020.12.09 08:48:50 INFO  tracing is disabled for protocol BSP, to enable tracing of incoming and outgoing JSON messages create an empty file at C:\Users\nicolas.corchuelo\AppData\Local\scalameta\metals\cache\bsp.trace.json
2020.12.09 08:48:50 INFO  Attempting to connect to the build server...
Starting the bsp launcher for bloop...
Opening a bsp server connection with 'bsp --protocol tcp --port 36742'...
Waiting for the bsp connection to come up...
[0m[32m[D][0m Loading workspace settings from bloop.settings.json
[0m[32m[D][0m Waiting for a connection at 127.0.0.1:36742...
The server is listening for incoming connections at tcp://127.0.0.1:36742...
Starting thread that pumps stdin and redirects it to the bsp server...
Starting thread that pumps server stdout and redirects it to the client stdout...
2020.12.09 08:48:52 INFO  tracing is disabled for protocol BSP, to enable tracing of incoming and outgoing JSON messages create an empty file at C:\Users\nicolas.corchuelo\AppData\Local\scalameta\metals\cache\bsp.trace.json
2020.12.09 08:48:54 INFO  [info] loading settings for project root-1-build-build from metals.sbt ...
2020.12.09 08:48:58 INFO  [info] loading project definition from C:\Users\nicolas.corchuelo\OneDrive\Professional Path\Data Engineering\git\programming\scala\1\project\project
2020.12.09 08:49:00 INFO  [info] loading settings for project root-1-build from metals.sbt ...
2020.12.09 08:49:00 INFO  [info] loading project definition from C:\Users\nicolas.corchuelo\OneDrive\Professional Path\Data Engineering\git\programming\scala\1\project
2020.12.09 08:49:03 INFO  [success] Generated .bloop\root-1-build.json
2020.12.09 08:49:03 INFO  [success] Total time: 2 s, completed Dec 9, 2020 8:49:04 AM
2020.12.09 08:49:04 INFO  [info] loading settings for project root-1 from build.sbt ...
2020.12.09 08:49:04 INFO  [info] set current project to hello-world (in build file:/C:/Users/nicolas.corchuelo/OneDrive/Professional%20Path/Data%20Engineering/git/programming/scala/1/)
2020.12.09 08:49:06 INFO  [success] Generated .bloop\root-1-test.json
2020.12.09 08:49:06 INFO  [success] Generated .bloop\root-1.json
2020.12.09 08:49:06 INFO  [success] Total time: 1 s, completed Dec 9, 2020 8:49:06 AM
2020.12.09 08:49:06 INFO  sbt bloopInstall exit: 0
2020.12.09 08:49:07 INFO  time: ran 'sbt bloopInstall' in 21s
2020.12.09 08:49:07 INFO  Attempting to connect to the build server...
Starting the bsp launcher for bloop...
Opening a bsp server connection with 'bsp --protocol tcp --port 30280'...
Waiting for the bsp connection to come up...
[0m[32m[D][0m Loading workspace settings from bloop.settings.json
[0m[32m[D][0m Waiting for a connection at 127.0.0.1:30280...
The server is listening for incoming connections at tcp://127.0.0.1:30280...
Starting thread that pumps stdin and redirects it to the bsp server...
Starting thread that pumps server stdout and redirects it to the client stdout...
2020.12.09 08:49:08 INFO  tracing is disabled for protocol BSP, to enable tracing of incoming and outgoing JSON messages create an empty file at C:\Users\nicolas.corchuelo\AppData\Local\scalameta\metals\cache\bsp.trace.json
2020.12.09 08:49:08 INFO  Attempting to connect to the build server...
Starting the bsp launcher for bloop...
Opening a bsp server connection with 'bsp --protocol tcp --port 14121'...
Waiting for the bsp connection to come up...
[0m[32m[D][0m Loading workspace settings from bloop.settings.json
[0m[32m[D][0m Waiting for a connection at 127.0.0.1:14121...
The server is listening for incoming connections at tcp://127.0.0.1:14121...
Starting thread that pumps stdin and redirects it to the bsp server...
Starting thread that pumps server stdout and redirects it to the client stdout...
2020.12.09 08:49:09 INFO  tracing is disabled for protocol BSP, to enable tracing of incoming and outgoing JSON messages create an empty file at C:\Users\nicolas.corchuelo\AppData\Local\scalameta\metals\cache\bsp.trace.json
No more data in the client stdin, exiting...
No more data in the server stdin, exiting...
2020.12.09 08:49:12 ERROR Timeout waiting for 'build/initialize' response
2020.12.09 08:49:12 WARN  Retrying connection to the build server Bloop
Starting the bsp launcher for bloop...
Opening a bsp server connection with 'bsp --protocol tcp --port 28216'...
Waiting for the bsp connection to come up...
[0m[32m[D][0m Loading workspace settings from bloop.settings.json
[0m[32m[D][0m Waiting for a connection at 127.0.0.1:28216...
The server is listening for incoming connections at tcp://127.0.0.1:28216...
Starting thread that pumps stdin and redirects it to the bsp server...
Starting thread that pumps server stdout and redirects it to the client stdout...
2020.12.09 08:49:13 INFO  tracing is disabled for protocol BSP, to enable tracing of incoming and outgoing JSON messages create an empty file at C:\Users\nicolas.corchuelo\AppData\Local\scalameta\metals\cache\bsp.trace.json
No more data in the client stdin, exiting...
No more data in the server stdin, exiting...
2020.12.09 08:49:29 ERROR Timeout waiting for 'build/initialize' response
2020.12.09 08:49:29 WARN  Retrying connection to the build server Bloop
Starting the bsp launcher for bloop...
Opening a bsp server connection with 'bsp --protocol tcp --port 13810'...
Waiting for the bsp connection to come up...
[0m[32m[D][0m Loading workspace settings from bloop.settings.json
[0m[32m[D][0m Waiting for a connection at 127.0.0.1:13810...
The server is listening for incoming connections at tcp://127.0.0.1:13810...
Starting thread that pumps stdin and redirects it to the bsp server...
Starting thread that pumps server stdout and redirects it to the client stdout...
2020.12.09 08:49:30 INFO  tracing is disabled for protocol BSP, to enable tracing of incoming and outgoing JSON messages create an empty file at C:\Users\nicolas.corchuelo\AppData\Local\scalameta\metals\cache\bsp.trace.json
No more data in the client stdin, exiting...
No more data in the server stdin, exiting...2020.12.09 08:49:33 ERROR Timeout waiting for 'build/initialize' response

2020.12.09 08:49:33 WARN  Retrying connection to the build server Bloop
Starting the bsp launcher for bloop...
Opening a bsp server connection with 'bsp --protocol tcp --port 38458'...
Waiting for the bsp connection to come up...
[0m[32m[D][0m Loading workspace settings from bloop.settings.json
[0m[32m[D][0m Waiting for a connection at 127.0.0.1:38458...
The server is listening for incoming connections at tcp://127.0.0.1:38458...
Starting thread that pumps stdin and redirects it to the bsp server...
Starting thread that pumps server stdout and redirects it to the client stdout...
2020.12.09 08:49:35 INFO  tracing is disabled for protocol BSP, to enable tracing of incoming and outgoing JSON messages create an empty file at C:\Users\nicolas.corchuelo\AppData\Local\scalameta\metals\cache\bsp.trace.json
2020.12.09 08:49:43 INFO  time: connected to build server in 1m15s
2020.12.09 08:49:43 INFO  Connected to Build server v1.4.5-6-4768184c
2020.12.09 08:49:43 INFO  time: connected to build server in 36s
2020.12.09 08:49:43 INFO  Connected to Build server v1.4.5-6-4768184c
2020.12.09 08:49:43 INFO  time: imported build in 0.26s
2020.12.09 08:49:43 INFO  time: imported build in 0.43s
2020.12.09 08:49:43 WARN  File watching failed, indexes will not be updated.
java.nio.file.FileAlreadyExistsException: C:\Users\nicolas.corchuelo\OneDrive\Professional Path\Data Engineering\git\programming\scala\1\project\src
	at sun.nio.fs.WindowsException.translateToIOException(WindowsException.java:81)
	at sun.nio.fs.WindowsException.rethrowAsIOException(WindowsException.java:97)
	at sun.nio.fs.WindowsException.rethrowAsIOException(WindowsException.java:102)
	at sun.nio.fs.WindowsFileSystemProvider.createDirectory(WindowsFileSystemProvider.java:504)
	at java.nio.file.Files.createDirectory(Files.java:674)
	at scala.meta.internal.metals.MetalsEnrichments$XtensionAbsolutePathBuffers.$anonfun$createAndGetDirectories$1(MetalsEnrichments.scala:336)
	at scala.collection.immutable.List.map(List.scala:293)
	at scala.meta.internal.metals.MetalsEnrichments$XtensionAbsolutePathBuffers.createDirectoriesRec$1(MetalsEnrichments.scala:336)
	at scala.meta.internal.metals.MetalsEnrichments$XtensionAbsolutePathBuffers.createAndGetDirectories(MetalsEnrichments.scala:340)
	at scala.meta.internal.metals.FileWatcher.watch$1(FileWatcher.scala:95)
	at scala.meta.internal.metals.FileWatcher.$anonfun$restart$3(FileWatcher.scala:113)
	at scala.meta.internal.metals.FileWatcher.$anonfun$restart$3$adapted(FileWatcher.scala:113)
	at scala.collection.Iterator.foreach(Iterator.scala:943)
	at scala.collection.Iterator.foreach$(Iterator.scala:943)
	at scala.collection.AbstractIterator.foreach(Iterator.scala:1431)
	at scala.collection.MapLike$DefaultKeySet.foreach(MapLike.scala:181)
	at scala.meta.internal.metals.FileWatcher.restart(FileWatcher.scala:113)
	at scala.meta.internal.metals.MetalsLanguageServer.$anonfun$indexWorkspace$5(MetalsLanguageServer.scala:2094)
	at scala.runtime.java8.JFunction0$mcV$sp.apply(JFunction0$mcV$sp.java:23)
	at scala.meta.internal.metals.TimerProvider.timedThunk(TimerProvider.scala:25)
	at scala.meta.internal.metals.MetalsLanguageServer.indexWorkspace(MetalsLanguageServer.scala:2093)
	at scala.meta.internal.metals.MetalsLanguageServer.$anonfun$profiledIndexWorkspace$2(MetalsLanguageServer.scala:2018)
	at scala.runtime.java8.JFunction0$mcV$sp.apply(JFunction0$mcV$sp.java:23)
	at scala.meta.internal.metals.TimerProvider.timedThunk(TimerProvider.scala:25)
	at scala.meta.internal.metals.MetalsLanguageServer.$anonfun$profiledIndexWorkspace$1(MetalsLanguageServer.scala:2018)
	at scala.runtime.java8.JFunction0$mcV$sp.apply(JFunction0$mcV$sp.java:23)
	at scala.concurrent.Future$.$anonfun$apply$1(Future.scala:659)
	at scala.util.Success.$anonfun$map$1(Try.scala:255)
	at scala.util.Success.map(Try.scala:213)
	at scala.concurrent.Future.$anonfun$map$1(Future.scala:292)
	at scala.concurrent.impl.Promise.liftedTree1$1(Promise.scala:33)
	at scala.concurrent.impl.Promise.$anonfun$transform$1(Promise.scala:33)
	at scala.concurrent.impl.CallbackRunnable.run(Promise.scala:64)
	at java.util.concurrent.ThreadPoolExecutor.runWorker(ThreadPoolExecutor.java:1149)
	at java.util.concurrent.ThreadPoolExecutor$Worker.run(ThreadPoolExecutor.java:624)
	at java.lang.Thread.run(Thread.java:748)

2020.12.09 08:49:47 INFO  time: indexed workspace in 3.86s
2020.12.09 08:49:47 INFO  time: indexed workspace in 4.15s
2020.12.09 08:50:49 INFO  compiling root-1 (2 scala sources)
2020.12.09 08:51:34 INFO  time: compiled root-1 in 44s
2020.12.09 08:53:17 INFO  skipping build import with status 'Installed'
2020.12.09 08:53:17 INFO  compiling root-1 (2 scala sources)
2020.12.09 08:53:17 INFO  time: compiled root-1 in 0.35s
2020.12.09 08:54:35 INFO  skipping build import with status 'Installed'
2020.12.09 08:54:35 INFO  compiling root-1 (2 scala sources)
2020.12.09 08:54:35 INFO  time: compiled root-1 in 0.18s
Dec 09, 2020 8:55:06 AM org.eclipse.lsp4j.jsonrpc.services.GenericEndpoint notify
INFORMACIÓN: Unsupported notification method: $/setTraceNotification
2020.12.09 09:25:55 INFO  shutting down Metals
2020.12.09 09:25:55 INFO  Shut down connection with build server.
2020.12.09 09:25:55 INFO  Shut down connection with build server.
No more data in the client stdin, exiting...
No more data in the client stdin, exiting...
