2020.12.09 08:24:07 INFO  Started: Metals version 0.9.7 in workspace 'C:\Users\nicolas.corchuelo\OneDrive\Professional Path\Data Engineering\git\programming\scala' for client vscode.
2020.12.09 08:24:09 INFO  time: initialize in 1.26s
2020.12.09 08:24:11 WARN  Build server is not auto-connectable.
2020.12.09 08:24:11 WARN  no build tool detected in workspace 'C:\Users\nicolas.corchuelo\OneDrive\Professional Path\Data Engineering\git\programming\scala'. The most common cause for this problem is that the editor was opened in the wrong working directory, for example if you use sbt then the workspace directory should contain build.sbt. 
2020.12.09 08:24:11 WARN  no build target for: C:\Users\nicolas.corchuelo\OneDrive\Professional Path\Data Engineering\git\programming\scala\scala.scala
2020.12.09 08:24:16 INFO  no build target: using presentation compiler with only scala-library
2020.12.09 08:24:42 WARN  no build target for: C:\Users\nicolas.corchuelo\OneDrive\Professional Path\Data Engineering\git\programming\scala\scala.scala
2020.12.09 08:24:44 WARN  no build target for: C:\Users\nicolas.corchuelo\OneDrive\Professional Path\Data Engineering\git\programming\scala\scala.scala
2020.12.09 08:26:42 INFO  shutting down Metals
2020.12.09 08:27:45 INFO  Started: Metals version 0.9.7 in workspace 'C:\Users\nicolas.corchuelo\OneDrive\Professional Path\Data Engineering\git\programming\scala' for client vscode.
2020.12.09 08:27:46 INFO  time: initialize in 1.17s
2020.12.09 08:27:48 WARN  Build server is not auto-connectable.
2020.12.09 08:27:48 WARN  no build tool detected in workspace 'C:\Users\nicolas.corchuelo\OneDrive\Professional Path\Data Engineering\git\programming\scala'. The most common cause for this problem is that the editor was opened in the wrong working directory, for example if you use sbt then the workspace directory should contain build.sbt. 
2020.12.09 08:27:48 WARN  no build target for: C:\Users\nicolas.corchuelo\OneDrive\Professional Path\Data Engineering\git\programming\scala\scala.scala
2020.12.09 08:27:54 INFO  no build target: using presentation compiler with only scala-library
2020.12.09 08:30:00 WARN  no build target for: C:\Users\nicolas.corchuelo\OneDrive\Professional Path\Data Engineering\git\programming\scala\.vscode\src\main\main.scala
2020.12.09 08:37:20 WARN  no build target for: C:\Users\nicolas.corchuelo\OneDrive\Professional Path\Data Engineering\git\programming\scala\1\__init__.scala
2020.12.09 08:37:26 INFO  
2020.12.09 08:37:26 INFO  Template applied in C:\Users\nicolas.corchuelo\OneDrive\Professional Path\Data Engineering\git\programming\scala\.\1
2020.12.09 08:37:26 INFO  
2020.12.09 08:37:26 INFO  giter8.Giter8 exit: 0
2020.12.09 08:37:26 INFO  time: ran 'giter8.Giter8' in 10s
Dec 09, 2020 8:55:07 AM org.eclipse.lsp4j.jsonrpc.services.GenericEndpoint notify
INFORMACIÓN: Unsupported notification method: $/setTraceNotification
2020.12.09 09:19:35 INFO  shutting down Metals
